which: no sudo in (/opt/rh/ruby193/root/usr/bin:/var/lib/stickshift/97e2ae6468ee474cb1722661e1705a77/app-root/data/365139/node_modules/.bin:/var/lib/stickshift/97e2ae6468ee474cb1722661e1705a77/app-root/data/bin:/var/lib/stickshift/97e2ae6468ee474cb1722661e1705a77/app-root/data/lib/ruby/gems/bin:/sbin:/usr/sbin:/bin:/usr/bin)
## Generating Site with Jekyll
which: no sudo in (/var/lib/stickshift/97e2ae6468ee474cb1722661e1705a77/app-root/data/lib/ruby/gems/bin:/opt/rh/ruby193/root/usr/bin:/var/lib/stickshift/97e2ae6468ee474cb1722661e1705a77/app-root/data/365139/node_modules/.bin:/var/lib/stickshift/97e2ae6468ee474cb1722661e1705a77/app-root/data/bin:/sbin:/usr/sbin:/bin:/usr/bin)
[33munchanged[0m sass/screen.scss
which: no sudo in (/var/lib/stickshift/97e2ae6468ee474cb1722661e1705a77/app-root/data/lib/ruby/gems/bin:/opt/rh/ruby193/root/usr/bin:/var/lib/stickshift/97e2ae6468ee474cb1722661e1705a77/app-root/data/365139/node_modules/.bin:/var/lib/stickshift/97e2ae6468ee474cb1722661e1705a77/app-root/data/bin:/sbin:/usr/sbin:/bin:/usr/bin)
/var/lib/stickshift/97e2ae6468ee474cb1722661e1705a77/app-root/data/lib/ruby/gems/gems/blankslate-3.1.2/lib/blankslate.rb:51: warning: undefining `object_id' may cause serious problems
Configuration from /var/lib/stickshift/97e2ae6468ee474cb1722661e1705a77/app-root/data/365139/_config.yml
Building site: source -> public
processing: /var/lib/stickshift/97e2ae6468ee474cb1722661e1705a77/app-root/data/365139/public/2012/10/04/new-blog/index.html
Compression: 14.56%
processing: /var/lib/stickshift/97e2ae6468ee474cb1722661e1705a77/app-root/data/365139/public/2012/10/06/latex-in-octorpess/index.html
Compression: 8.05%
processing: /var/lib/stickshift/97e2ae6468ee474cb1722661e1705a77/app-root/data/365139/public/2012/10/06/xkcd-in-mathematica/index.html
Compression: 9.28%
processing: /var/lib/stickshift/97e2ae6468ee474cb1722661e1705a77/app-root/data/365139/public/2012/10/07/how-to-install-a-clsi/index.html
Compression: 6.25%
processing: /var/lib/stickshift/97e2ae6468ee474cb1722661e1705a77/app-root/data/365139/public/2012/10/09/how-to-blog-like-a-scrooge/index.html
Compression: 8.86%
processing: /var/lib/stickshift/97e2ae6468ee474cb1722661e1705a77/app-root/data/365139/public/2012/10/20/compile-latex-in-the-cloud/index.html
Compression: 5.46%
processing: /var/lib/stickshift/97e2ae6468ee474cb1722661e1705a77/app-root/data/365139/public/2012/10/21/supercharge-octopress-with-rack-cache/index.html
Compression: 3.97%
processing: /var/lib/stickshift/97e2ae6468ee474cb1722661e1705a77/app-root/data/365139/public/2012/10/26/search-using-duckduckgo/index.html
Compression: 10.39%
processing: /var/lib/stickshift/97e2ae6468ee474cb1722661e1705a77/app-root/data/365139/public/2012/10/27/remove-query-strings-from-octopress-assets/index.html
Compression: 12.50%
processing: /var/lib/stickshift/97e2ae6468ee474cb1722661e1705a77/app-root/data/365139/public/2012/10/28/cache-octopress-with-memcachier/index.html
Compression: 5.22%
processing: /var/lib/stickshift/97e2ae6468ee474cb1722661e1705a77/app-root/data/365139/public/archives/index.html
Compression: 11.65%
processing: /var/lib/stickshift/97e2ae6468ee474cb1722661e1705a77/app-root/data/365139/public/atom.xml
Compression: 0.53%
processing: /var/lib/stickshift/97e2ae6468ee474cb1722661e1705a77/app-root/data/365139/public/index.html
Compression: 2.42%
processing: /var/lib/stickshift/97e2ae6468ee474cb1722661e1705a77/app-root/data/365139/public/404.html
Compression: 11.24%
processing: /var/lib/stickshift/97e2ae6468ee474cb1722661e1705a77/app-root/data/365139/public/images/search.png
Compression: 34.23%
processing: /var/lib/stickshift/97e2ae6468ee474cb1722661e1705a77/app-root/data/365139/public/images/line-tile.png
Compression: 10.64%
processing: /var/lib/stickshift/97e2ae6468ee474cb1722661e1705a77/app-root/data/365139/public/images/dotted-border.png
Compression: 21.21%
processing: /var/lib/stickshift/97e2ae6468ee474cb1722661e1705a77/app-root/data/365139/public/images/icon/twitter.png
Compression: 27.91%
processing: /var/lib/stickshift/97e2ae6468ee474cb1722661e1705a77/app-root/data/365139/public/images/icon/google-plus-sign.png
Compression: 31.73%
processing: /var/lib/stickshift/97e2ae6468ee474cb1722661e1705a77/app-root/data/365139/public/images/icon/github.png
Compression: 18.34%
processing: /var/lib/stickshift/97e2ae6468ee474cb1722661e1705a77/app-root/data/365139/public/images/icon/twitter-bird.png
Compression: 33.46%
processing: /var/lib/stickshift/97e2ae6468ee474cb1722661e1705a77/app-root/data/365139/public/images/icon/facebook.png
Compression: 38.46%
processing: /var/lib/stickshift/97e2ae6468ee474cb1722661e1705a77/app-root/data/365139/public/images/bird_32_gray.png
Compression: 73.69%
processing: /var/lib/stickshift/97e2ae6468ee474cb1722661e1705a77/app-root/data/365139/public/images/code_bg.png
Compression: 0.00%
processing: /var/lib/stickshift/97e2ae6468ee474cb1722661e1705a77/app-root/data/365139/public/images/bird_32_gray_fail.png
Compression: 41.30%
processing: /var/lib/stickshift/97e2ae6468ee474cb1722661e1705a77/app-root/data/365139/public/images/noise.png
Compression: 0.00%
processing: /var/lib/stickshift/97e2ae6468ee474cb1722661e1705a77/app-root/data/365139/public/images/icon-sa2b55df389.png
Compression: 11.70%
processing: /var/lib/stickshift/97e2ae6468ee474cb1722661e1705a77/app-root/data/365139/public/stylesheets/screen.css
Compression: 1.01%
processing: /var/lib/stickshift/97e2ae6468ee474cb1722661e1705a77/app-root/data/365139/public/javascripts/github.js
Compression: 43.04%
processing: /var/lib/stickshift/97e2ae6468ee474cb1722661e1705a77/app-root/data/365139/public/javascripts/octopress.js
Compression: 44.42%
processing: /var/lib/stickshift/97e2ae6468ee474cb1722661e1705a77/app-root/data/365139/public/javascripts/twitter.js
Compression: 42.20%
processing: /var/lib/stickshift/97e2ae6468ee474cb1722661e1705a77/app-root/data/365139/public/javascripts/pinboard.js
Compression: 30.92%
processing: /var/lib/stickshift/97e2ae6468ee474cb1722661e1705a77/app-root/data/365139/public/media/2012/scrooge.jpeg
Compression: 0.00%
processing: /var/lib/stickshift/97e2ae6468ee474cb1722661e1705a77/app-root/data/365139/public/media/2012/ohDio.jpg
Compression: 0.00%
processing: /var/lib/stickshift/97e2ae6468ee474cb1722661e1705a77/app-root/data/365139/public/sitemap.xml
Compression: 18.70%
Successfully generated site: source -> public
rm -rf _nginx/www/images
rm -rf _nginx/www/robots.txt
rm -rf _nginx/www/stylesheets
rm -rf _nginx/www/archives
rm -rf _nginx/www/atom.xml
rm -rf _nginx/www/javascripts
rm -rf _nginx/www/humans.txt
rm -rf _nginx/www/index.html
rm -rf _nginx/www/2012
rm -rf _nginx/www/favicon.ico
rm -rf _nginx/www/404.html
rm -rf _nginx/www/fonts
rm -rf _nginx/www/media
rm -rf _nginx/www/sitemap.xml
## Deploying to nginx server
cd _nginx

## copying public to _nginx/www

## Committing: Site updated at 2012-12-29 20:16:39 UTC
[master 76760fe] Site updated at 2012-12-29 20:16:39 UTC
 14 files changed, 32 insertions(+), 361 deletions(-)
 rewrite www/2012/10/04/new-blog/index.html (80%)
 rewrite www/2012/10/09/how-to-blog-like-a-scrooge/index.html (88%)
 rewrite www/2012/10/20/compile-latex-in-the-cloud/index.html (60%)
 rewrite www/404.html (84%)
 rewrite www/archives/index.html (82%)

## Pushing generated _nginx website
-----> Fetching custom git buildpack... done
-----> Nginx app detected
-----> Fetching nginx binaries
-----> Vendoring nginx 1.0.14
-----> Discovering process types
       Procfile declares types -> (none)
       Default types for Nginx -> web
-----> Compiled slug size: 1.3MB
-----> Launching... done, v121
       http://fast-ridge-7854.herokuapp.com deployed to Heroku

To git@heroku.com:fast-ridge-7854.git
   c99b7fe..76760fe  master -> master
cd -

## Heroku deploy complete

## Backing up to GitHub
